{"target": 0.99602310327008, "params": {"bagging_temperature": 1.0, "depth": 6.0, "iterations": 1000.0, "l2_leaf_reg": 3.0, "learning_rate": 0.03}, "datetime": {"datetime": "2023-01-20 09:48:13", "elapsed": 0.0, "delta": 0.0}}
{"target": 0.4999186177819811, "params": {"bagging_temperature": 65.91240576672936, "depth": 7.542962345854356, "iterations": 663.8609307523351, "l2_leaf_reg": 23.324369723331372, "learning_rate": 0.24432819011324158}, "datetime": {"datetime": "2023-01-20 09:50:24", "elapsed": 130.746826, "delta": 130.746826}}
{"target": 0.4999186177819811, "params": {"bagging_temperature": 48.310802419217055, "depth": 8.506151116047239, "iterations": 775.3837567649103, "l2_leaf_reg": 198.4850865420195, "learning_rate": 0.21224974452880555}, "datetime": {"datetime": "2023-01-20 09:52:53", "elapsed": 279.619247, "delta": 148.872421}}
{"target": 0.4999186177819811, "params": {"bagging_temperature": 100.0, "depth": 10.0, "iterations": 1000.0, "l2_leaf_reg": 1.0, "learning_rate": 0.3}, "datetime": {"datetime": "2023-01-20 09:56:14", "elapsed": 480.968612, "delta": 201.349365}}
{"target": 0.9943501948467294, "params": {"bagging_temperature": 2.5155518015966134, "depth": 8.847447460719719, "iterations": 997.0555037341986, "l2_leaf_reg": 1.2942238917292483, "learning_rate": 0.26202525205053506}, "datetime": {"datetime": "2023-01-20 10:03:05", "elapsed": 892.119712, "delta": 411.1511}}
{"target": 0.9952874525531279, "params": {"bagging_temperature": 1.0, "depth": 10.0, "iterations": 957.5788251406025, "l2_leaf_reg": 69.4170695514762, "learning_rate": 0.3}, "datetime": {"datetime": "2023-01-20 10:16:13", "elapsed": 1680.0852, "delta": 787.965488}}
{"target": 0.9957936257882156, "params": {"bagging_temperature": 1.0, "depth": 9.0, "iterations": 450.0, "l2_leaf_reg": 3.0, "learning_rate": 0.03}, "datetime": {"datetime": "2023-01-20 10:30:25", "elapsed": 2531.756204, "delta": 851.671004}}
{"target": 0.9943283941673823, "params": {"bagging_temperature": 6.183074385521387, "depth": 7.644015062463373, "iterations": 152.65193862269447, "l2_leaf_reg": 133.1378627156934, "learning_rate": 0.13628872725886085}, "datetime": {"datetime": "2023-01-20 10:31:10", "elapsed": 2576.962051, "delta": 45.205847}}
{"target": 0.995614623287387, "params": {"bagging_temperature": 2.1529097011980305, "depth": 8.430927710682335, "iterations": 315.1599011737778, "l2_leaf_reg": 59.855002679847836, "learning_rate": 0.0745234024141847}, "datetime": {"datetime": "2023-01-20 10:33:29", "elapsed": 2715.737674, "delta": 138.775623}}
{"target": 0.5254191065906745, "params": {"bagging_temperature": 79.02060691662027, "depth": 8.106946663792153, "iterations": 192.15290630559787, "l2_leaf_reg": 2.8605094247492726, "learning_rate": 0.06407114611567351}, "datetime": {"datetime": "2023-01-20 10:34:05", "elapsed": 2751.631665, "delta": 35.893991}}
{"target": 0.4999186177819811, "params": {"bagging_temperature": 80.54708237717563, "depth": 6.530178642714272, "iterations": 211.9142716515754, "l2_leaf_reg": 156.7881665408045, "learning_rate": 0.15311203991415553}, "datetime": {"datetime": "2023-01-20 10:39:45", "elapsed": 3091.393451, "delta": 339.761786}}
{"target": 0.9956440332365837, "params": {"bagging_temperature": 1.0, "depth": 9.325841593234742, "iterations": 393.3057534184133, "l2_leaf_reg": 58.35893349684623, "learning_rate": 0.14050281031640707}, "datetime": {"datetime": "2023-01-20 10:43:31", "elapsed": 3317.594236, "delta": 226.200785}}
{"target": 0.4999186177819811, "params": {"bagging_temperature": 72.6196416594728, "depth": 6.0, "iterations": 383.9245047793259, "l2_leaf_reg": 1.0, "learning_rate": 0.01}, "datetime": {"datetime": "2023-01-20 10:44:49", "elapsed": 3395.597754, "delta": 78.003518}}
{"target": 0.995786746325033, "params": {"bagging_temperature": 1.0, "depth": 6.0, "iterations": 450.0, "l2_leaf_reg": 3.0, "learning_rate": 0.03}, "datetime": {"datetime": "2023-01-20 10:48:09", "elapsed": 3595.78163, "delta": 200.183876}}
{"target": 0.9942640168579036, "params": {"bagging_temperature": 1.0, "depth": 7.982569751621592, "iterations": 479.5640910710863, "l2_leaf_reg": 85.80797787328721, "learning_rate": 0.01}, "datetime": {"datetime": "2023-01-20 10:50:51", "elapsed": 3757.824908, "delta": 162.043278}}
{"target": 0.9918172747047966, "params": {"bagging_temperature": 1.0, "depth": 10.0, "iterations": 382.21709800715604, "l2_leaf_reg": 152.6544976996831, "learning_rate": 0.01}, "datetime": {"datetime": "2023-01-20 10:55:52", "elapsed": 4058.574418, "delta": 300.74951}}
{"target": 0.994668542924844, "params": {"bagging_temperature": 22.346503420704135, "depth": 8.958265979765319, "iterations": 704.5484686788864, "l2_leaf_reg": 94.05216351179521, "learning_rate": 0.05254537995675203}, "datetime": {"datetime": "2023-01-20 11:06:00", "elapsed": 4667.016717, "delta": 608.442299}}
{"target": 0.9957808657536307, "params": {"bagging_temperature": 1.0, "depth": 7.780708208306635, "iterations": 464.1028426887684, "l2_leaf_reg": 170.8062315501424, "learning_rate": 0.3}, "datetime": {"datetime": "2023-01-20 11:08:38", "elapsed": 4824.369646, "delta": 157.352929}}
{"target": 0.4999186177819811, "params": {"bagging_temperature": 70.74037928558822, "depth": 10.0, "iterations": 438.57251297635185, "l2_leaf_reg": 140.48434557901123, "learning_rate": 0.01}, "datetime": {"datetime": "2023-01-20 11:10:04", "elapsed": 4911.160935, "delta": 86.791289}}
