{"target": 0.9047850275410051, "params": {"bagging_temperature": 1.5, "depth": 6.0, "iterations": 900.0, "l2_leaf_reg": 3.6, "learning_rate": 0.02}, "datetime": {"datetime": "2023-01-21 10:53:23", "elapsed": 0.0, "delta": 0.0}}
{"target": 0.5028621022730786, "params": {"bagging_temperature": 65.91240576672936, "depth": 7.542962345854356, "iterations": 663.8609307523351, "l2_leaf_reg": 23.324369723331372, "learning_rate": 0.24432819011324158}, "datetime": {"datetime": "2023-01-21 10:54:16", "elapsed": 53.364961, "delta": 53.364961}}
{"target": 0.5028621022730786, "params": {"bagging_temperature": 48.310802419217055, "depth": 8.506151116047239, "iterations": 775.3837567649103, "l2_leaf_reg": 198.4850865420195, "learning_rate": 0.21224974452880555}, "datetime": {"datetime": "2023-01-21 10:55:16", "elapsed": 113.464354, "delta": 60.099393}}
{"target": 0.8896136550393547, "params": {"bagging_temperature": 6.183074385521387, "depth": 7.644015062463373, "iterations": 152.65193862269447, "l2_leaf_reg": 133.1378627156934, "learning_rate": 0.13628872725886085}, "datetime": {"datetime": "2023-01-21 10:55:37", "elapsed": 133.78642, "delta": 20.322066}}
{"target": 0.9004421219951523, "params": {"bagging_temperature": 22.546874941765793, "depth": 6.121772306720254, "iterations": 977.5669824996954, "l2_leaf_reg": 1.0, "learning_rate": 0.01}, "datetime": {"datetime": "2023-01-21 10:57:05", "elapsed": 222.598665, "delta": 88.812245}}
{"target": 0.8890437675401189, "params": {"bagging_temperature": 7.205399371839016, "depth": 6.066042891180649, "iterations": 151.71126488153385, "l2_leaf_reg": 132.52301040758806, "learning_rate": 0.16179861533047846}, "datetime": {"datetime": "2023-01-21 10:57:25", "elapsed": 241.839038, "delta": 19.240373}}
{"target": 0.5028621022730786, "params": {"bagging_temperature": 80.54708237717563, "depth": 6.530178642714272, "iterations": 211.9142716515754, "l2_leaf_reg": 156.7881665408045, "learning_rate": 0.15311203991415553}, "datetime": {"datetime": "2023-01-21 11:02:23", "elapsed": 540.3517, "delta": 298.512662}}
{"target": 0.8938093333564175, "params": {"bagging_temperature": 22.346503420704135, "depth": 8.958265979765319, "iterations": 704.5484686788864, "l2_leaf_reg": 94.05216351179521, "learning_rate": 0.05254537995675203}, "datetime": {"datetime": "2023-01-21 11:03:49", "elapsed": 626.127607, "delta": 85.775907}}
{"target": 0.8763149810926413, "params": {"bagging_temperature": 28.58039543761579, "depth": 6.335366500256366, "iterations": 156.40502722296839, "l2_leaf_reg": 31.32385147902555, "learning_rate": 0.03502319874836065}, "datetime": {"datetime": "2023-01-21 11:04:09", "elapsed": 645.757977, "delta": 19.63037}}
{"target": 0.5028621022730786, "params": {"bagging_temperature": 71.98671162446723, "depth": 8.333599869885607, "iterations": 922.111383509137, "l2_leaf_reg": 4.799921493521452, "learning_rate": 0.2773533071372364}, "datetime": {"datetime": "2023-01-21 11:05:17", "elapsed": 714.468027, "delta": 68.71005}}
{"target": 0.9061880051389476, "params": {"bagging_temperature": 1.0, "depth": 6.0, "iterations": 945.4204075411133, "l2_leaf_reg": 28.909092178095406, "learning_rate": 0.01}, "datetime": {"datetime": "2023-01-21 11:06:44", "elapsed": 801.28094, "delta": 86.812913}}
{"target": 0.8925228198129291, "params": {"bagging_temperature": 6.229134927197209, "depth": 8.649120219062024, "iterations": 273.0653733725178, "l2_leaf_reg": 183.2736736680149, "learning_rate": 0.11554487010268287}, "datetime": {"datetime": "2023-01-21 11:26:23", "elapsed": 1980.581431, "delta": 1179.300491}}
{"target": 0.8876856241536396, "params": {"bagging_temperature": 11.620162522248282, "depth": 9.677486518574023, "iterations": 990.8628072855782, "l2_leaf_reg": 176.2542707250875, "learning_rate": 0.10763429324115445}, "datetime": {"datetime": "2023-01-21 11:28:52", "elapsed": 2129.66857, "delta": 149.087139}}
{"target": 0.5028621022730786, "params": {"bagging_temperature": 58.29299832946267, "depth": 7.481785293278818, "iterations": 859.0111860511897, "l2_leaf_reg": 53.93258541997066, "learning_rate": 0.031275020922644364}, "datetime": {"datetime": "2023-01-21 11:30:08", "elapsed": 2205.513336, "delta": 75.844766}}
{"target": 0.8929683880822269, "params": {"bagging_temperature": 27.900065601464973, "depth": 8.817064146510244, "iterations": 846.3021074648537, "l2_leaf_reg": 180.3997449049762, "learning_rate": 0.09088985132847126}, "datetime": {"datetime": "2023-01-21 11:31:49", "elapsed": 2305.903214, "delta": 100.389878}}
{"target": 0.8879013035666938, "params": {"bagging_temperature": 33.26705351058836, "depth": 7.188385619255568, "iterations": 134.43840635475692, "l2_leaf_reg": 197.56733964313156, "learning_rate": 0.29252731321542297}, "datetime": {"datetime": "2023-01-21 11:32:08", "elapsed": 2325.26017, "delta": 19.356956}}
{"target": 0.8919788602068683, "params": {"bagging_temperature": 17.497807405750503, "depth": 9.369463963906824, "iterations": 905.8257444235268, "l2_leaf_reg": 183.4541680784882, "learning_rate": 0.07726429547447908}, "datetime": {"datetime": "2023-01-21 11:34:25", "elapsed": 2462.542932, "delta": 137.282762}}
{"target": 0.8824854729436268, "params": {"bagging_temperature": 7.081618648901841, "depth": 7.909694710870723, "iterations": 999.5931372489424, "l2_leaf_reg": 71.78261271262944, "learning_rate": 0.266474393481729}, "datetime": {"datetime": "2023-01-21 11:36:04", "elapsed": 2561.469712, "delta": 98.92678}}
{"target": 0.8941917797840621, "params": {"bagging_temperature": 2.3756463746321037, "depth": 8.767901640651337, "iterations": 941.3186311004031, "l2_leaf_reg": 123.7053837024492, "learning_rate": 0.11614746074825265}, "datetime": {"datetime": "2023-01-21 11:37:55", "elapsed": 2671.89801, "delta": 110.428298}}
{"target": 0.5028621022730786, "params": {"bagging_temperature": 74.56513365932821, "depth": 6.0, "iterations": 957.1964019962743, "l2_leaf_reg": 162.82639721971609, "learning_rate": 0.18564004762135558}, "datetime": {"datetime": "2023-01-21 11:39:14", "elapsed": 2751.176128, "delta": 79.278118}}
{"target": 0.8907566542303569, "params": {"bagging_temperature": 1.0, "depth": 6.0, "iterations": 876.0685250758057, "l2_leaf_reg": 142.49202006841554, "learning_rate": 0.3}, "datetime": {"datetime": "2023-01-21 11:40:36", "elapsed": 2833.097004, "delta": 81.920876}}
{"target": 0.8935658935104224, "params": {"bagging_temperature": 15.463431839532696, "depth": 6.557949102415849, "iterations": 204.56822438775646, "l2_leaf_reg": 163.011844798831, "learning_rate": 0.2522888843938359}, "datetime": {"datetime": "2023-01-21 12:05:40", "elapsed": 4337.320157, "delta": 1504.223153}}
{"target": 0.5028621022730786, "params": {"bagging_temperature": 47.865485411894724, "depth": 8.796233208041464, "iterations": 312.72728779176657, "l2_leaf_reg": 22.146265763768866, "learning_rate": 0.26639555230960543}, "datetime": {"datetime": "2023-01-21 12:06:11", "elapsed": 4368.122198, "delta": 30.802041}}
{"target": 0.8655018399784332, "params": {"bagging_temperature": 1.0, "depth": 10.0, "iterations": 100.0, "l2_leaf_reg": 69.73325250919322, "learning_rate": 0.01}, "datetime": {"datetime": "2023-01-21 12:06:32", "elapsed": 4389.653498, "delta": 21.5313}}
{"target": 0.5028621022730786, "params": {"bagging_temperature": 83.7220584692391, "depth": 9.138197748970533, "iterations": 100.29710288404803, "l2_leaf_reg": 33.34319996766975, "learning_rate": 0.1524181223941668}, "datetime": {"datetime": "2023-01-21 12:06:48", "elapsed": 4405.454651, "delta": 15.801153}}
{"target": 0.9020073310296194, "params": {"bagging_temperature": 1.0, "depth": 6.0, "iterations": 178.38366673471594, "l2_leaf_reg": 200.0, "learning_rate": 0.3}, "datetime": {"datetime": "2023-01-21 12:07:09", "elapsed": 4426.173584, "delta": 20.718933}}
{"target": 0.8821299932412741, "params": {"bagging_temperature": 28.602602936328086, "depth": 8.841592341828989, "iterations": 164.9235843950405, "l2_leaf_reg": 13.390801895828327, "learning_rate": 0.02964129956778662}, "datetime": {"datetime": "2023-01-21 12:08:58", "elapsed": 4535.466502, "delta": 109.292918}}
{"target": 0.5028621022730786, "params": {"bagging_temperature": 58.95286224048573, "depth": 6.546548468658351, "iterations": 138.201907408002, "l2_leaf_reg": 178.0315770384646, "learning_rate": 0.22020514983816483}, "datetime": {"datetime": "2023-01-21 12:09:15", "elapsed": 4552.034335, "delta": 16.567833}}
{"target": 0.9001553108507185, "params": {"bagging_temperature": 1.0, "depth": 10.0, "iterations": 113.21993363965602, "l2_leaf_reg": 200.0, "learning_rate": 0.3}, "datetime": {"datetime": "2023-01-21 12:09:38", "elapsed": 4575.038498, "delta": 23.004163}}
{"target": 0.8994371032789215, "params": {"bagging_temperature": 2.5914249454920117, "depth": 6.810471913870067, "iterations": 178.39879082454638, "l2_leaf_reg": 81.61325508222646, "learning_rate": 0.015987648066158003}, "datetime": {"datetime": "2023-01-21 12:09:59", "elapsed": 4595.772155, "delta": 20.733657}}
{"target": 0.8914699030819149, "params": {"bagging_temperature": 4.130443624306202, "depth": 8.546983393793338, "iterations": 252.23598590367243, "l2_leaf_reg": 114.39845960484539, "learning_rate": 0.2895955269742507}, "datetime": {"datetime": "2023-01-21 12:10:38", "elapsed": 4635.366488, "delta": 39.594333}}
{"target": 0.5028621022730786, "params": {"bagging_temperature": 98.83301465139418, "depth": 8.643531605296374, "iterations": 982.0803724898044, "l2_leaf_reg": 90.63526824572133, "learning_rate": 0.02923472275497043}, "datetime": {"datetime": "2023-01-21 12:12:52", "elapsed": 4769.116052, "delta": 133.749564}}
{"target": 0.5028621022730786, "params": {"bagging_temperature": 43.50785678217926, "depth": 6.812684931392951, "iterations": 599.0437089655582, "l2_leaf_reg": 96.23108963419406, "learning_rate": 0.16686675931832315}, "datetime": {"datetime": "2023-01-21 12:13:43", "elapsed": 4820.297248, "delta": 51.181196}}
{"target": 0.8987806251037487, "params": {"bagging_temperature": 1.0, "depth": 6.0, "iterations": 351.53301383859986, "l2_leaf_reg": 175.97451123969037, "learning_rate": 0.20786063903281557}, "datetime": {"datetime": "2023-01-21 12:14:23", "elapsed": 4860.365272, "delta": 40.068024}}
{"target": 0.5028621022730786, "params": {"bagging_temperature": 69.35951407207143, "depth": 10.0, "iterations": 358.6806135835464, "l2_leaf_reg": 200.0, "learning_rate": 0.26574758845286545}, "datetime": {"datetime": "2023-01-21 12:14:58", "elapsed": 4895.47451, "delta": 35.109238}}
{"target": 0.8953712869729926, "params": {"bagging_temperature": 1.0, "depth": 6.0, "iterations": 317.12000197238564, "l2_leaf_reg": 130.63599415890388, "learning_rate": 0.3}, "datetime": {"datetime": "2023-01-21 12:15:36", "elapsed": 4933.253325, "delta": 37.778815}}
{"target": 0.889207042318616, "params": {"bagging_temperature": 14.415878170578155, "depth": 9.170940964026835, "iterations": 568.2562587183542, "l2_leaf_reg": 170.5773239456956, "learning_rate": 0.12190073242845147}, "datetime": {"datetime": "2023-01-21 12:18:13", "elapsed": 5090.099803, "delta": 156.846478}}
{"target": 0.8944706154692288, "params": {"bagging_temperature": 17.623869361979743, "depth": 9.08371344582254, "iterations": 494.10493707205836, "l2_leaf_reg": 141.44564566693887, "learning_rate": 0.07486326284969848}, "datetime": {"datetime": "2023-01-21 12:19:35", "elapsed": 5171.773783, "delta": 81.67398}}
{"target": 0.5028621022730786, "params": {"bagging_temperature": 43.52566283154541, "depth": 7.8283661750527145, "iterations": 524.3143442396197, "l2_leaf_reg": 199.74413501690358, "learning_rate": 0.0891629851800772}, "datetime": {"datetime": "2023-01-21 12:20:19", "elapsed": 5216.566884, "delta": 44.793101}}
{"target": 0.9022860763266116, "params": {"bagging_temperature": 1.0, "depth": 7.406445662784009, "iterations": 436.4514207932875, "l2_leaf_reg": 123.05444071687889, "learning_rate": 0.10793603531931398}, "datetime": {"datetime": "2023-01-21 12:21:11", "elapsed": 5267.874052, "delta": 51.307168}}
{"target": 0.8950927798083136, "params": {"bagging_temperature": 13.673663449533365, "depth": 9.331636554221818, "iterations": 478.81796753195204, "l2_leaf_reg": 77.46138961458796, "learning_rate": 0.05848524351514521}, "datetime": {"datetime": "2023-01-21 12:22:30", "elapsed": 5347.094405, "delta": 79.220353}}
{"target": 0.5028621022730786, "params": {"bagging_temperature": 60.13494433487817, "depth": 8.625138838242984, "iterations": 491.97105974717994, "l2_leaf_reg": 54.303757203891884, "learning_rate": 0.21178274629578536}, "datetime": {"datetime": "2023-01-21 12:24:33", "elapsed": 5470.321092, "delta": 123.226687}}
{"target": 0.5028621022730786, "params": {"bagging_temperature": 87.70134297531091, "depth": 6.952701548951947, "iterations": 400.407117809581, "l2_leaf_reg": 152.9427666421321, "learning_rate": 0.23230489197643744}, "datetime": {"datetime": "2023-01-21 12:25:10", "elapsed": 5507.498034, "delta": 37.176942}}
{"target": 0.8787055512782785, "params": {"bagging_temperature": 26.04383225521689, "depth": 9.822873646046993, "iterations": 445.8970919595105, "l2_leaf_reg": 10.980857403690216, "learning_rate": 0.2983679941870864}, "datetime": {"datetime": "2023-01-21 12:26:24", "elapsed": 5581.631111, "delta": 74.133077}}
{"target": 0.8905958035183831, "params": {"bagging_temperature": 1.0, "depth": 10.0, "iterations": 422.15447789733906, "l2_leaf_reg": 61.426978049363804, "learning_rate": 0.2773425486916332}, "datetime": {"datetime": "2023-01-21 12:28:03", "elapsed": 5679.908023, "delta": 98.276912}}
{"target": 0.8881483273833238, "params": {"bagging_temperature": 5.146120190630173, "depth": 9.01620476637213, "iterations": 635.7172524991082, "l2_leaf_reg": 184.01645911769185, "learning_rate": 0.177528988455438}, "datetime": {"datetime": "2023-01-21 12:29:43", "elapsed": 5780.299808, "delta": 100.391785}}
